<?xml version="1.0" encoding="UTF-8"?>
<testng-results skipped="0" failed="0" ignored="0" total="1" passed="1">
  <reporter-output>
  </reporter-output>
  <suite name="Default suite" duration-ms="73870" started-at="2018-04-15T06:22:05Z" finished-at="2018-04-15T06:23:19Z">
    <groups>
    </groups>
    <test name="Default test" duration-ms="73870" started-at="2018-04-15T06:22:05Z" finished-at="2018-04-15T06:23:19Z">
      <class name="actionsPackage.ActionsClass">
        <test-method status="PASS" signature="test()[pri:0, instance:actionsPackage.ActionsClass@475530b9]" name="test" duration-ms="73833" started-at="2018-04-15T06:22:05Z" finished-at="2018-04-15T06:23:19Z">
          <reporter-output>
          </reporter-output>
        </test-method> <!-- test -->
      </class> <!-- actionsPackage.ActionsClass -->
    </test> <!-- Default test -->
  </suite> <!-- Default suite -->
</testng-results>
